<?xml version="1.0" encoding="utf-8"?><testsuites><testsuite name="pytest" errors="0" failures="0" skipped="0" tests="4" time="0.037" timestamp="2022-04-21T21:16:55.229886" hostname="C001805173"><testcase classname="tests.sportscar.body.test_body.BodyTests" name="test_body_functions_as_expected" time="0.001" /><testcase classname="tests.sportscar.body.test_body.BodyTests" name="test_bumper" time="0.001" /><testcase classname="tests.sportscar.body.test_body.BodyTests" name="test_windshield" time="0.001" /><testcase classname="tests.sportscar.engine.test_engine" name="test_engine_functions_as_expected" time="0.001" /></testsuite></testsuites>